Copyright 1986-2019 Xilinx, Inc. All Rights Reserved.
----------------------------------------------------------------------------------------------------------------------------------------------------------------------------------------------
| Tool Version : Vivado v.2019.2 (lin64) Build 2708876 Wed Nov  6 21:39:14 MST 2019
| Date         : Wed Sep 29 13:52:42 2021
| Host         : viz-n0.crc.pitt.edu running 64-bit Red Hat Enterprise Linux Server release 7.9 (Maipo)
| Command      : report_accelerator_utilization -kernels { vadd_vadd:pfm_top_i/dynamic_region/vadd_1/inst:vadd_1} -file ../../../output/kernel_util_routed.rpt -name kernel_util_routed -json
| Design       : pfm_top_wrapper
| Device       : xcu200
| Design State : Routed
----------------------------------------------------------------------------------------------------------------------------------------------------------------------------------------------

Accelerator Utilization Design Information

Table of Contents
-----------------
1. System Utilization

1. System Utilization
---------------------

+---------------------+-------------------+------------------+-------------------+----------------+---------------+----------------+
| Name                | LUT               | LUTAsMem         | REG               | BRAM           | URAM          | DSP            |
+---------------------+-------------------+------------------+-------------------+----------------+---------------+----------------+
| Platform            |  151731 [ 12.83%] |  17649 [  2.98%] |  221128 [  9.35%] |  301 [ 13.94%] |   0 [  0.00%] |    7 [  0.10%] |
| User Budget         | 1030509 [100.00%] | 574191 [100.00%] | 2143352 [100.00%] | 1859 [100.00%] | 960 [100.00%] | 6833 [100.00%] |
|    Used Resources   |    1879 [  0.18%] |    148 [  0.03%] |    3197 [  0.15%] |    4 [  0.22%] |   0 [  0.00%] |    0 [  0.00%] |
|    Unused Resources | 1028630 [ 99.82%] | 574043 [ 99.97%] | 2140155 [ 99.85%] | 1855 [ 99.78%] | 960 [100.00%] | 6833 [100.00%] |
| vadd_vadd           |    1879 [  0.18%] |    148 [  0.03%] |    3197 [  0.15%] |    4 [  0.22%] |   0 [  0.00%] |    0 [  0.00%] |
|    vadd_1           |    1879 [  0.18%] |    148 [  0.03%] |    3197 [  0.15%] |    4 [  0.22%] |   0 [  0.00%] |    0 [  0.00%] |
+---------------------+-------------------+------------------+-------------------+----------------+---------------+----------------+


